Start testing: May 01 07:13 UTC
----------------------------------------------------------
1/2 Testing: mergesort
1/2 Test: mergesort
Command: "/home/pcsdocker/Data/esercitazioni-PCS-2026/esercitazione5/build_es5_debug/test_mergesort"
Directory: /home/pcsdocker/Data/esercitazioni-PCS-2026/esercitazione5/build_es5_debug
"mergesort" start time: May 01 07:13 UTC
Output:
----------------------------------------------------------
Francesco Gaia Maria alice eleonora filippo francesca giuseppe luigi maria 
test di ordinamento riuscito
<end of output>
Test time =   0.11 sec
----------------------------------------------------------
Test Passed.
"mergesort" end time: May 01 07:13 UTC
"mergesort" time elapsed: 00:00:00
----------------------------------------------------------

2/2 Testing: quicksort
2/2 Test: quicksort
Command: "/home/pcsdocker/Data/esercitazioni-PCS-2026/esercitazione5/build_es5_debug/test_quicksort"
Directory: /home/pcsdocker/Data/esercitazioni-PCS-2026/esercitazione5/build_es5_debug
"quicksort" start time: May 01 07:13 UTC
Output:
----------------------------------------------------------
Francesco Gaia Maria alice eleonora filippo francesca giuseppe luigi maria 
test di ordinamento riuscito
<end of output>
Test time =   0.06 sec
----------------------------------------------------------
Test Passed.
"quicksort" end time: May 01 07:13 UTC
"quicksort" time elapsed: 00:00:00
----------------------------------------------------------

End testing: May 01 07:13 UTC
